{
  "RSpec": {
    "coverage": {
      "/home/algebraic-enumerator-2baf/tic-tac-toe-rb-online-web-sp-000/lib/tic_tac_toe.rb": [
        null,
        1,
        null,
        null,
        null,
        null,
        null,
        null,
        null,
        null,
        null,
        null,
        1,
        24,
        24,
        24,
        24,
        24,
        null,
        null,
        null,
        1,
        23,
        null,
        null,
        null,
        1,
        22,
        null,
        null,
        null,
        1,
        23,
        null,
        null,
        null,
        1,
        20,
        20,
        20,
        20,
        19,
        19,
        null,
        1,
        null,
        null,
        null,
        null,
        1,
        null,
        12,
        12,
        null,
        12,
        null,
        12,
        17,
        17,
        17,
        null,
        null,
        12,
        null,
        5,
        7,
        2,
        null,
        null,
        null,
        null,
        1,
        138,
        null,
        null,
        null,
        1,
        47,
        328,
        null,
        null,
        null,
        null,
        null,
        null,
        1,
        204,
        null,
        null,
        null,
        1,
        14,
        2,
        null,
        null,
        null,
        null,
        1,
        21,
        10,
        11,
        0,
        null,
        null,
        null,
        null,
        null,
        null,
        1,
        83,
        83,
        747,
        199,
        null,
        null,
        83,
        null,
        null,
        null,
        1,
        49,
        27,
        null,
        22,
        null,
        null,
        null,
        null,
        1,
        3,
        2,
        null,
        null
      ]
    },
    "timestamp": 1619743489
  }
}
