{
  "RSpec": {
    "coverage": {
      "/home/algebraic-enumerator-2baf/tic-tac-toe-rb-online-web-sp-000/lib/tic_tac_toe.rb": [
        null,
        1,
        null,
        null,
        null,
        null,
        null,
        null,
        null,
        null,
        null,
        null,
        1,
        30,
        30,
        30,
        30,
        30,
        null,
        null,
        null,
        1,
        47543,
        null,
        null,
        null,
        1,
        29,
        null,
        null,
        null,
        1,
        47543,
        null,
        null,
        null,
        1,
        47547,
        47541,
        47540,
        47540,
        25,
        25,
        null,
        47515,
        null,
        null,
        null,
        null,
        1,
        12,
        12,
        12,
        7,
        30,
        30,
        null,
        null,
        5,
        3,
        null,
        3,
        3,
        2,
        2,
        null,
        null,
        null,
        null,
        1,
        47610,
        null,
        null,
        null,
        1,
        25,
        152,
        null,
        null,
        null,
        null,
        null,
        null,
        1,
        128,
        null,
        null,
        null,
        1,
        6,
        2,
        null,
        null,
        null,
        null,
        1,
        3,
        2,
        1,
        0,
        null,
        null,
        null,
        null,
        1,
        50,
        50,
        450,
        105,
        null,
        null,
        50,
        null,
        null,
        null,
        1,
        29,
        18,
        null,
        11,
        null,
        null,
        null,
        null,
        1,
        3,
        2,
        null,
        null
      ]
    },
    "timestamp": 1619741021
  }
}
